<?xml version="1.0" encoding="UTF-8"?>
<!-- Generated by org.testng.reporters.JUnitXMLReporter -->
<testsuite ignored="0" hostname="LAPTOP-C016I2SD" failures="0" tests="2" name="validating homepage" time="13.995" errors="0" timestamp="2020-11-30T17:25:16 IST">
  <testcase classname="Academy.HomePage" name="@BeforeTest iniDriver" time="13.928">
    <failure type="org.openqa.selenium.SessionNotCreatedException" message="session not created
from chrome not reachable
  (Session info: chrome=87.0.4280.66)
Build info: version: &amp;apos;3.141.59&amp;apos;, revision: &amp;apos;e82be7d358&amp;apos;, time: &amp;apos;2018-11-14T08:17:03&amp;apos;
System info: host: &amp;apos;LAPTOP-C016I2SD&amp;apos;, ip: &amp;apos;192.168.43.92&amp;apos;, os.name: &amp;apos;Windows 10&amp;apos;, os.arch: &amp;apos;amd64&amp;apos;, os.version: &amp;apos;10.0&amp;apos;, java.version: &amp;apos;15&amp;apos;
Driver info: driver.version: ChromeDriver
remote stacktrace: Backtrace:
	Ordinal0 [0x0034C013+3194899]
	Ordinal0 [0x00236021+2056225]
	Ordinal0 [0x000CF4B0+586928]
	Ordinal0 [0x000C5894+546964]
	Ordinal0 [0x000C5F2C+548652]
	Ordinal0 [0x000C7175+553333]
	Ordinal0 [0x000C241E+533534]
	Ordinal0 [0x000D0620+591392]
	Ordinal0 [0x00072A0C+207372]
	Ordinal0 [0x00071D0D+204045]
	Ordinal0 [0x0006FC1B+195611]
	Ordinal0 [0x00053B7F+80767]
	Ordinal0 [0x00054B4E+84814]
	Ordinal0 [0x00054AD9+84697]
	Ordinal0 [0x0024CE64+2149988]
	GetHandleVerifier [0x004BBE95+1400773]
	GetHandleVerifier [0x004BBB61+1399953]
	GetHandleVerifier [0x004C31FA+1430314]
	GetHandleVerifier [0x004BC69F+1402831]
	Ordinal0 [0x00243D61+2112865]
	Ordinal0 [0x0024E5CB+2155979]
	Ordinal0 [0x0024E6F5+2156277]
	Ordinal0 [0x0025F26E+2224750]
	BaseThreadInitThunk [0x77116359+25]
	RtlGetAppContainerNamedObjectPath [0x77698944+228]
	RtlGetAppContainerNamedObjectPath [0x77698914+180]
	(No symbol) [0x00000000]
">
      <![CDATA[org.openqa.selenium.SessionNotCreatedException: session not created
from chrome not reachable
  (Session info: chrome=87.0.4280.66)
Build info: version: '3.141.59', revision: 'e82be7d358', time: '2018-11-14T08:17:03'
System info: host: 'LAPTOP-C016I2SD', ip: '192.168.43.92', os.name: 'Windows 10', os.arch: 'amd64', os.version: '10.0', java.version: '15'
Driver info: driver.version: ChromeDriver
remote stacktrace: Backtrace:
Ordinal0 [0x0034C013+3194899]
Ordinal0 [0x00236021+2056225]
Ordinal0 [0x000CF4B0+586928]
Ordinal0 [0x000C5894+546964]
Ordinal0 [0x000C5F2C+548652]
Ordinal0 [0x000C7175+553333]
Ordinal0 [0x000C241E+533534]
Ordinal0 [0x000D0620+591392]
Ordinal0 [0x00072A0C+207372]
Ordinal0 [0x00071D0D+204045]
Ordinal0 [0x0006FC1B+195611]
Ordinal0 [0x00053B7F+80767]
Ordinal0 [0x00054B4E+84814]
Ordinal0 [0x00054AD9+84697]
Ordinal0 [0x0024CE64+2149988]
GetHandleVerifier [0x004BBE95+1400773]
GetHandleVerifier [0x004BBB61+1399953]
GetHandleVerifier [0x004C31FA+1430314]
GetHandleVerifier [0x004BC69F+1402831]
Ordinal0 [0x00243D61+2112865]
Ordinal0 [0x0024E5CB+2155979]
Ordinal0 [0x0024E6F5+2156277]
Ordinal0 [0x0025F26E+2224750]
BaseThreadInitThunk [0x77116359+25]
RtlGetAppContainerNamedObjectPath [0x77698944+228]
RtlGetAppContainerNamedObjectPath [0x77698914+180]
(No symbol) [0x00000000]

at org.openqa.selenium.remote.W3CHandshakeResponse.lambda$errorHandler$0(W3CHandshakeResponse.java:62)
at org.openqa.selenium.remote.HandshakeResponse.lambda$getResponseFunction$0(HandshakeResponse.java:30)
at org.openqa.selenium.remote.ProtocolHandshake.lambda$createSession$0(ProtocolHandshake.java:126)
at java.base/java.util.stream.ReferencePipeline$3$1.accept(ReferencePipeline.java:195)
at java.base/java.util.Spliterators$ArraySpliterator.tryAdvance(Spliterators.java:958)
at java.base/java.util.stream.ReferencePipeline.forEachWithCancel(ReferencePipeline.java:127)
at java.base/java.util.stream.AbstractPipeline.copyIntoWithCancel(AbstractPipeline.java:502)
at java.base/java.util.stream.AbstractPipeline.copyInto(AbstractPipeline.java:488)
at java.base/java.util.stream.AbstractPipeline.wrapAndCopyInto(AbstractPipeline.java:474)
at java.base/java.util.stream.FindOps$FindOp.evaluateSequential(FindOps.java:150)
at java.base/java.util.stream.AbstractPipeline.evaluate(AbstractPipeline.java:234)
at java.base/java.util.stream.ReferencePipeline.findFirst(ReferencePipeline.java:543)
at org.openqa.selenium.remote.ProtocolHandshake.createSession(ProtocolHandshake.java:128)
at org.openqa.selenium.remote.ProtocolHandshake.createSession(ProtocolHandshake.java:74)
at org.openqa.selenium.remote.HttpCommandExecutor.execute(HttpCommandExecutor.java:136)
at org.openqa.selenium.remote.service.DriverCommandExecutor.execute(DriverCommandExecutor.java:83)
at org.openqa.selenium.remote.RemoteWebDriver.execute(RemoteWebDriver.java:552)
at org.openqa.selenium.remote.RemoteWebDriver.startSession(RemoteWebDriver.java:213)
at org.openqa.selenium.remote.RemoteWebDriver.<init>(RemoteWebDriver.java:131)
at org.openqa.selenium.chrome.ChromeDriver.<init>(ChromeDriver.java:181)
at org.openqa.selenium.chrome.ChromeDriver.<init>(ChromeDriver.java:168)
at org.openqa.selenium.chrome.ChromeDriver.<init>(ChromeDriver.java:123)
at resources.base.Initializedriver(base.java:34)
at Academy.HomePage.iniDriver(HomePage.java:25)
at java.base/java.util.concurrent.FutureTask.run(FutureTask.java:264)
at java.base/java.util.concurrent.ThreadPoolExecutor.runWorker(ThreadPoolExecutor.java:1130)
at java.base/java.util.concurrent.ThreadPoolExecutor$Worker.run(ThreadPoolExecutor.java:630)
at java.base/java.lang.Thread.run(Thread.java:832)
... Removed 20 stack frames]]>
    </failure>
  </testcase> <!-- @BeforeTest iniDriver -->
  <testcase classname="Academy.HomePage" name="@AfterTest teardown" time="-1.606737315908E9">
    <skipped/>
  </testcase> <!-- @AfterTest teardown -->
  <testcase classname="Academy.validateTitle" name="@BeforeTest iniDriver" time="14.019">
    <failure type="org.openqa.selenium.SessionNotCreatedException" message="session not created
from chrome not reachable
  (Session info: chrome=87.0.4280.66)
Build info: version: &amp;apos;3.141.59&amp;apos;, revision: &amp;apos;e82be7d358&amp;apos;, time: &amp;apos;2018-11-14T08:17:03&amp;apos;
System info: host: &amp;apos;LAPTOP-C016I2SD&amp;apos;, ip: &amp;apos;192.168.43.92&amp;apos;, os.name: &amp;apos;Windows 10&amp;apos;, os.arch: &amp;apos;amd64&amp;apos;, os.version: &amp;apos;10.0&amp;apos;, java.version: &amp;apos;15&amp;apos;
Driver info: driver.version: ChromeDriver
remote stacktrace: Backtrace:
	Ordinal0 [0x0034C013+3194899]
	Ordinal0 [0x00236021+2056225]
	Ordinal0 [0x000CF4B0+586928]
	Ordinal0 [0x000C5894+546964]
	Ordinal0 [0x000C5F2C+548652]
	Ordinal0 [0x000C7175+553333]
	Ordinal0 [0x000C241E+533534]
	Ordinal0 [0x000D0620+591392]
	Ordinal0 [0x00072A0C+207372]
	Ordinal0 [0x00071D0D+204045]
	Ordinal0 [0x0006FC1B+195611]
	Ordinal0 [0x00053B7F+80767]
	Ordinal0 [0x00054B4E+84814]
	Ordinal0 [0x00054AD9+84697]
	Ordinal0 [0x0024CE64+2149988]
	GetHandleVerifier [0x004BBE95+1400773]
	GetHandleVerifier [0x004BBB61+1399953]
	GetHandleVerifier [0x004C31FA+1430314]
	GetHandleVerifier [0x004BC69F+1402831]
	Ordinal0 [0x00243D61+2112865]
	Ordinal0 [0x0024E5CB+2155979]
	Ordinal0 [0x0024E6F5+2156277]
	Ordinal0 [0x0025F26E+2224750]
	BaseThreadInitThunk [0x77116359+25]
	RtlGetAppContainerNamedObjectPath [0x77698944+228]
	RtlGetAppContainerNamedObjectPath [0x77698914+180]
	(No symbol) [0x00000000]
">
      <![CDATA[org.openqa.selenium.SessionNotCreatedException: session not created
from chrome not reachable
  (Session info: chrome=87.0.4280.66)
Build info: version: '3.141.59', revision: 'e82be7d358', time: '2018-11-14T08:17:03'
System info: host: 'LAPTOP-C016I2SD', ip: '192.168.43.92', os.name: 'Windows 10', os.arch: 'amd64', os.version: '10.0', java.version: '15'
Driver info: driver.version: ChromeDriver
remote stacktrace: Backtrace:
Ordinal0 [0x0034C013+3194899]
Ordinal0 [0x00236021+2056225]
Ordinal0 [0x000CF4B0+586928]
Ordinal0 [0x000C5894+546964]
Ordinal0 [0x000C5F2C+548652]
Ordinal0 [0x000C7175+553333]
Ordinal0 [0x000C241E+533534]
Ordinal0 [0x000D0620+591392]
Ordinal0 [0x00072A0C+207372]
Ordinal0 [0x00071D0D+204045]
Ordinal0 [0x0006FC1B+195611]
Ordinal0 [0x00053B7F+80767]
Ordinal0 [0x00054B4E+84814]
Ordinal0 [0x00054AD9+84697]
Ordinal0 [0x0024CE64+2149988]
GetHandleVerifier [0x004BBE95+1400773]
GetHandleVerifier [0x004BBB61+1399953]
GetHandleVerifier [0x004C31FA+1430314]
GetHandleVerifier [0x004BC69F+1402831]
Ordinal0 [0x00243D61+2112865]
Ordinal0 [0x0024E5CB+2155979]
Ordinal0 [0x0024E6F5+2156277]
Ordinal0 [0x0025F26E+2224750]
BaseThreadInitThunk [0x77116359+25]
RtlGetAppContainerNamedObjectPath [0x77698944+228]
RtlGetAppContainerNamedObjectPath [0x77698914+180]
(No symbol) [0x00000000]

at org.openqa.selenium.remote.W3CHandshakeResponse.lambda$errorHandler$0(W3CHandshakeResponse.java:62)
at org.openqa.selenium.remote.HandshakeResponse.lambda$getResponseFunction$0(HandshakeResponse.java:30)
at org.openqa.selenium.remote.ProtocolHandshake.lambda$createSession$0(ProtocolHandshake.java:126)
at java.base/java.util.stream.ReferencePipeline$3$1.accept(ReferencePipeline.java:195)
at java.base/java.util.Spliterators$ArraySpliterator.tryAdvance(Spliterators.java:958)
at java.base/java.util.stream.ReferencePipeline.forEachWithCancel(ReferencePipeline.java:127)
at java.base/java.util.stream.AbstractPipeline.copyIntoWithCancel(AbstractPipeline.java:502)
at java.base/java.util.stream.AbstractPipeline.copyInto(AbstractPipeline.java:488)
at java.base/java.util.stream.AbstractPipeline.wrapAndCopyInto(AbstractPipeline.java:474)
at java.base/java.util.stream.FindOps$FindOp.evaluateSequential(FindOps.java:150)
at java.base/java.util.stream.AbstractPipeline.evaluate(AbstractPipeline.java:234)
at java.base/java.util.stream.ReferencePipeline.findFirst(ReferencePipeline.java:543)
at org.openqa.selenium.remote.ProtocolHandshake.createSession(ProtocolHandshake.java:128)
at org.openqa.selenium.remote.ProtocolHandshake.createSession(ProtocolHandshake.java:74)
at org.openqa.selenium.remote.HttpCommandExecutor.execute(HttpCommandExecutor.java:136)
at org.openqa.selenium.remote.service.DriverCommandExecutor.execute(DriverCommandExecutor.java:83)
at org.openqa.selenium.remote.RemoteWebDriver.execute(RemoteWebDriver.java:552)
at org.openqa.selenium.remote.RemoteWebDriver.startSession(RemoteWebDriver.java:213)
at org.openqa.selenium.remote.RemoteWebDriver.<init>(RemoteWebDriver.java:131)
at org.openqa.selenium.chrome.ChromeDriver.<init>(ChromeDriver.java:181)
at org.openqa.selenium.chrome.ChromeDriver.<init>(ChromeDriver.java:168)
at org.openqa.selenium.chrome.ChromeDriver.<init>(ChromeDriver.java:123)
at resources.base.Initializedriver(base.java:34)
at Academy.validateTitle.iniDriver(validateTitle.java:27)
at java.base/java.util.concurrent.FutureTask.run(FutureTask.java:264)
at java.base/java.util.concurrent.ThreadPoolExecutor.runWorker(ThreadPoolExecutor.java:1130)
at java.base/java.util.concurrent.ThreadPoolExecutor$Worker.run(ThreadPoolExecutor.java:630)
at java.base/java.lang.Thread.run(Thread.java:832)
... Removed 20 stack frames]]>
    </failure>
  </testcase> <!-- @BeforeTest iniDriver -->
  <testcase classname="Academy.validateTitle" name="@AfterTest teardown" time="-1.60673731595E9">
    <skipped/>
  </testcase> <!-- @AfterTest teardown -->
  <testcase classname="Academy.HomePage" name="basePagenavigation" time="0.0">
    <skipped/>
  </testcase> <!-- basePagenavigation -->
  <testcase classname="Academy.HomePage" name="basePagenavigation" time="0.0">
    <skipped/>
  </testcase> <!-- basePagenavigation -->
</testsuite> <!-- validating homepage -->
